\BOOKMARK [0][-]{chapter.1}{\376\377\000\332\000v\000o\000d}{}% 1
\BOOKMARK [0][-]{chapter.2}{\376\377\000T\000e\000o\000r\000e\000t\000i\000c\000k\000\375\000\040\000r\000o\000z\000b\000o\000r}{}% 2
\BOOKMARK [1][-]{section.2.1}{\376\377\000E\000n\000t\000i\000t\000n\000\355\000\040\000s\000y\000s\000t\000\351\000m\000y\000\040\000a\000\040\000j\000e\000j\000i\000c\000h\000\040\000h\000i\000s\000t\000o\000r\000i\000e}{chapter.2}% 3
\BOOKMARK [1][-]{section.2.2}{\376\377\000P\000o\001\176\000a\000d\000a\000v\000k\000y\000\040\000n\000a\000\040\000n\000\341\000v\000r\000h}{chapter.2}% 4
\BOOKMARK [1][-]{section.2.3}{\376\377\000A\000r\000c\000h\000i\000t\000e\000k\000t\000u\000r\000a\000\040\000m\000o\000d\000e\000r\000n\000\355\000c\000h\000\040\000p\000o\001\015\000\355\000t\000a\001\015\001\157}{chapter.2}% 5
\BOOKMARK [1][-]{section.2.4}{\376\377\000D\000a\000t\000o\000v\001\033\000\040\000o\000r\000i\000e\000n\000t\000o\000v\000a\000n\000\375\000\040\000n\000\341\000v\000r\000h}{chapter.2}% 6
\BOOKMARK [1][-]{section.2.5}{\376\377\000R\000e\000p\000r\000e\000z\000e\000n\000t\000a\000c\000e\000\040\000e\000n\000t\000i\000t}{chapter.2}% 7
\BOOKMARK [1][-]{section.2.6}{\376\377\000E\000n\000t\000i\000t\000y\000-\000C\000o\000m\000p\000o\000n\000e\000n\000t\000-\000S\000y\000s\000t\000e\000m}{chapter.2}% 8
\BOOKMARK [1][-]{section.2.7}{\376\377\000P\000a\000r\000a\000l\000e\000l\000i\000z\000m\000u\000s}{chapter.2}% 9
\BOOKMARK [0][-]{chapter.3}{\376\377\000N\000\341\000v\000r\000h\000\040\000e\000n\000t\000i\000t\000n\000\355\000h\000o\000\040\000s\000y\000s\000t\000\351\000m\000u}{}% 10
\BOOKMARK [1][-]{section.3.1}{\376\377\000P\001\131\000e\000h\000l\000e\000d\000\040\000a\000\040\000k\000o\000m\000u\000n\000i\000k\000a\000c\000e}{chapter.3}% 11
\BOOKMARK [1][-]{section.3.2}{\376\377\000K\000o\000m\000p\000o\000n\000e\000n\000t\000y\000\040\000a\000\040\000j\000e\000j\000i\000c\000h\000\040\000n\000o\000s\000i\001\015\000e}{chapter.3}% 12
\BOOKMARK [1][-]{section.3.3}{\376\377\000R\000e\000p\000r\000e\000z\000e\000n\000t\000a\000c\000e\000\040\000e\000n\000t\000i\000t}{chapter.3}% 13
\BOOKMARK [1][-]{section.3.4}{\376\377\000S\000y\000s\000t\000\351\000m\000y\000\040\000a\000\040\000s\000k\000u\000p\000i\000n\000y}{chapter.3}% 14
\BOOKMARK [1][-]{section.3.5}{\376\377\000P\000a\000r\000a\000l\000e\000l\000n\000\355\000\040\000p\001\131\000\355\000s\000t\000u\000p}{chapter.3}% 15
\BOOKMARK [1][-]{section.3.6}{\376\377\000T\000o\000k\000\040\001\131\000\355\000z\000e\000n\000\355}{chapter.3}% 16
\BOOKMARK [0][-]{chapter.4}{\376\377\000I\000m\000p\000l\000e\000m\000e\000n\000t\000a\000c\000e}{}% 17
\BOOKMARK [1][-]{section.4.1}{\376\377\000I\000m\000p\000l\000e\000m\000e\000n\000t\000a\001\015\000n\000\355\000\040\000n\000\341\000s\000t\000r\000o\000j\000e\000\040\000a\000\040\000p\001\131\000e\000n\000o\000s\000i\000t\000e\000l\000n\000o\000s\000t}{chapter.4}% 18
\BOOKMARK [1][-]{section.4.2}{\376\377\000K\000o\000m\000p\000o\000n\000e\000n\000t\000y}{chapter.4}% 19
\BOOKMARK [1][-]{section.4.3}{\376\377\000S\000p\000r\000\341\000v\000a\000\040\000e\000n\000t\000i\000t}{chapter.4}% 20
\BOOKMARK [1][-]{section.4.4}{\376\377\000S\000y\000s\000t\000\351\000m\000y\000\040\000a\000\040\000s\000k\000u\000p\000i\000n\000y}{chapter.4}% 21
\BOOKMARK [1][-]{section.4.5}{\376\377\000P\000o\000d\000p\000o\000r\000a\000\040\000p\000a\000r\000a\000l\000e\000l\000i\000z\000m\000u}{chapter.4}% 22
\BOOKMARK [1][-]{section.4.6}{\376\377\000O\000b\000n\000o\000v\000e\000n\000\355\000\040\000k\000o\000n\000z\000i\000s\000t\000e\000n\000c\000e}{chapter.4}% 23
\BOOKMARK [1][-]{section.4.7}{\376\377\000M\000o\001\176\000n\000o\000s\000t\000i\000\040\000r\000o\000z\001\141\000\355\001\131\000e\000n\000\355}{chapter.4}% 24
\BOOKMARK [0][-]{chapter.5}{\376\377\000P\000o\000u\001\176\000i\000t\000\355\000\040\000k\000n\000i\000h\000o\000v\000n\000y}{}% 25
\BOOKMARK [1][-]{section.5.1}{\376\377\000D\000e\000m\000o\000\040\000h\000r\000a}{chapter.5}% 26
\BOOKMARK [1][-]{section.5.2}{\376\377\000N\000\341\000v\000r\000h}{chapter.5}% 27
\BOOKMARK [1][-]{section.5.3}{\376\377\000Z\000h\000o\000d\000n\000o\000c\000e\000n\000\355}{chapter.5}% 28
\BOOKMARK [0][-]{chapter.6}{\376\377\000V\000y\000h\000o\000d\000n\000o\000c\000e\000n\000\355}{}% 29
\BOOKMARK [1][-]{section.6.1}{\376\377\000T\000e\000s\000t\000o\000v\000a\000n\000\351\000\040\000s\000e\000s\000t\000a\000v\000y}{chapter.6}% 30
\BOOKMARK [1][-]{section.6.2}{\376\377\000T\000e\000s\000t\000o\000v\000\341\000n\000\355\000\040\000k\000n\000i\000h\000o\000v\000n\000y}{chapter.6}% 31
\BOOKMARK [1][-]{section.6.3}{\376\377\000V\000\375\000k\000o\000n\000n\000o\000s\000t\000n\000\355\000\040\000t\000e\000s\000t\000y}{chapter.6}% 32
\BOOKMARK [1][-]{section.6.4}{\376\377\000P\000o\000r\000o\000v\000n\000\341\000n\000\355}{chapter.6}% 33
\BOOKMARK [0][-]{chapter.7}{\376\377\000Z\000\341\000v\001\033\000r}{}% 34
\BOOKMARK [0][-]{chapter*.2}{\376\377\000L\000i\000t\000e\000r\000a\000t\000u\000r\000a}{}% 35
\BOOKMARK [0][-]{section*.3}{\376\377\000P\001\131\000\355\000l\000o\000h\000y}{}% 36
\BOOKMARK [0][-]{appendix.A}{\376\377\000O\000b\000s\000a\000h\000\040\000p\001\131\000i\000l\000o\001\176\000e\000n\000\351\000h\000o\000\040\000p\000a\000m\001\033\001\145\000o\000v\000\351\000h\000o\000\040\000m\000\351\000d\000i\000a}{}% 37
\BOOKMARK [0][-]{appendix.B}{\376\377\000M\000a\000n\000u\000\341\000l}{}% 38
