This is pdfTeX, Version 3.14159265-2.6-1.40.17 (MiKTeX 2.9.6210 64-bit) (preloaded format=pdflatex 2017.4.11)  27 APR 2017 17:14
entering extended mode
**./xpolas34-ECS.tex
(xpolas34-ECS.tex
LaTeX2e <2017/01/01> patch level 1
Babel <3.9r> and hyphenation patterns for 75 language(s) loaded.
(fitthesis.cls
Document Class: fitthesis 2007/04/13 Sablona pro BP/DP
("C:\Program Files\MiKTeX 2.9\tex\latex\base\report.cls"
Document Class: report 2014/09/29 v1.4h Standard LaTeX document class
("C:\Program Files\MiKTeX 2.9\tex\latex\base\size11.clo"
File: size11.clo 2014/09/29 v1.4h Standard LaTeX file (size option)
)
\c@part=\count79
\c@chapter=\count80
\c@section=\count81
\c@subsection=\count82
\c@subsubsection=\count83
\c@paragraph=\count84
\c@subparagraph=\count85
\c@figure=\count86
\c@table=\count87
\abovecaptionskip=\skip41
\belowcaptionskip=\skip42
\bibindent=\dimen102
)
("C:\Program Files\MiKTeX 2.9\tex\latex\amsmath\amsmath.sty"
Package: amsmath 2016/11/05 v2.16a AMS math features
\@mathmargin=\skip43

For additional information on amsmath, use the `?' option.
("C:\Program Files\MiKTeX 2.9\tex\latex\amsmath\amstext.sty"
Package: amstext 2000/06/29 v2.01 AMS text

("C:\Program Files\MiKTeX 2.9\tex\latex\amsmath\amsgen.sty"
File: amsgen.sty 1999/11/30 v2.0 generic functions
\@emptytoks=\toks14
\ex@=\dimen103
))
("C:\Program Files\MiKTeX 2.9\tex\latex\amsmath\amsbsy.sty"
Package: amsbsy 1999/11/29 v1.2d Bold Symbols
\pmbraise@=\dimen104
)
("C:\Program Files\MiKTeX 2.9\tex\latex\amsmath\amsopn.sty"
Package: amsopn 2016/03/08 v2.02 operator names
)
\inf@bad=\count88
LaTeX Info: Redefining \frac on input line 213.
\uproot@=\count89
\leftroot@=\count90
LaTeX Info: Redefining \overline on input line 375.
\classnum@=\count91
\DOTSCASE@=\count92
LaTeX Info: Redefining \ldots on input line 472.
LaTeX Info: Redefining \dots on input line 475.
LaTeX Info: Redefining \cdots on input line 596.
\Mathstrutbox@=\box26
\strutbox@=\box27
\big@size=\dimen105
LaTeX Font Info:    Redeclaring font encoding OML on input line 712.
LaTeX Font Info:    Redeclaring font encoding OMS on input line 713.
\macc@depth=\count93
\c@MaxMatrixCols=\count94
\dotsspace@=\muskip10
\c@parentequation=\count95
\dspbrk@lvl=\count96
\tag@help=\toks15
\row@=\count97
\column@=\count98
\maxfields@=\count99
\andhelp@=\toks16
\eqnshift@=\dimen106
\alignsep@=\dimen107
\tagshift@=\dimen108
\tagwidth@=\dimen109
\totwidth@=\dimen110
\lineht@=\dimen111
\@envbody=\toks17
\multlinegap=\skip44
\multlinetaggap=\skip45
\mathdisplay@stack=\toks18
LaTeX Info: Redefining \[ on input line 2817.
LaTeX Info: Redefining \] on input line 2818.
)
("C:\Program Files\MiKTeX 2.9\tex\latex\amsfonts\amssymb.sty"
Package: amssymb 2013/01/14 v3.01 AMS font symbols

("C:\Program Files\MiKTeX 2.9\tex\latex\amsfonts\amsfonts.sty"
Package: amsfonts 2013/01/14 v3.01 Basic AMSFonts support
\symAMSa=\mathgroup4
\symAMSb=\mathgroup5
LaTeX Font Info:    Overwriting math alphabet `\mathfrak' in version `bold'
(Font)                  U/euf/m/n --> U/euf/b/n on input line 106.
))
("C:\Program Files\MiKTeX 2.9\tex\generic\babel\babel.sty"
Package: babel 2016/04/23 3.9r The Babel package

*************************************
* Local config file bblopts.cfg used
*
("C:\Program Files\MiKTeX 2.9\tex\latex\arabi\bblopts.cfg"
File: bblopts.cfg 2005/09/08 v0.1 add Arabic and Farsi to "declared" options of
 babel
)
("C:\Program Files\MiKTeX 2.9\tex\latex\babel-czech\czech.ldf"
Language: czech 2008/07/06 v3.1a Czech support from the babel system

("C:\Program Files\MiKTeX 2.9\tex\generic\babel\babel.def"
File: babel.def 2016/04/23 3.9r Babel common definitions
\babel@savecnt=\count100
\U@D=\dimen112
)
Package babel Info: Making " an active character on input line 172.
\cs@wordlen=\count101
Package babel Info: Making - an active character on input line 226.
)
("C:\Program Files\MiKTeX 2.9\tex\latex\babel-slovak\slovak.ldf"
Language: slovak 2008/07/06 v3.1a Slovak support from the babel system
Package babel Info: Making ^ an active character on input line 123.
Package babel Info: Making ' an active character on input line 129.
LaTeX Info: Redefining \uv on input line 278.
\cs@wordlen=\count102
)
("C:\Program Files\MiKTeX 2.9\tex\latex\babel-english\english.ldf"
Language: english 2017/01/24 v3.3q English support from the babel system
\l@canadian = a dialect from \language\l@american 
\l@australian = a dialect from \language\l@british 
\l@newzealand = a dialect from \language\l@british 
))
("C:\Program Files\MiKTeX 2.9\tex\latex\base\inputenc.sty"
Package: inputenc 2015/03/17 v1.2c Input encoding file
\inpenc@prehook=\toks19
\inpenc@posthook=\toks20

("C:\Program Files\MiKTeX 2.9\tex\latex\base\utf8.def"
File: utf8.def 2016/02/28 v1.1s UTF-8 support for inputenc
Now handling font encoding OML ...
... no UTF-8 mapping file for font encoding OML
Now handling font encoding T1 ...
... processing UTF-8 mapping file for font encoding T1

("C:\Program Files\MiKTeX 2.9\tex\latex\base\t1enc.dfu"
File: t1enc.dfu 2016/02/28 v1.1s UTF-8 support for inputenc
   defining Unicode char U+00A0 (decimal 160)
   defining Unicode char U+00A1 (decimal 161)
   defining Unicode char U+00A3 (decimal 163)
   defining Unicode char U+00AB (decimal 171)
   defining Unicode char U+00AD (decimal 173)
   defining Unicode char U+00BB (decimal 187)
   defining Unicode char U+00BF (decimal 191)
   defining Unicode char U+00C0 (decimal 192)
   defining Unicode char U+00C1 (decimal 193)
   defining Unicode char U+00C2 (decimal 194)
   defining Unicode char U+00C3 (decimal 195)
   defining Unicode char U+00C4 (decimal 196)
   defining Unicode char U+00C5 (decimal 197)
   defining Unicode char U+00C6 (decimal 198)
   defining Unicode char U+00C7 (decimal 199)
   defining Unicode char U+00C8 (decimal 200)
   defining Unicode char U+00C9 (decimal 201)
   defining Unicode char U+00CA (decimal 202)
   defining Unicode char U+00CB (decimal 203)
   defining Unicode char U+00CC (decimal 204)
   defining Unicode char U+00CD (decimal 205)
   defining Unicode char U+00CE (decimal 206)
   defining Unicode char U+00CF (decimal 207)
   defining Unicode char U+00D0 (decimal 208)
   defining Unicode char U+00D1 (decimal 209)
   defining Unicode char U+00D2 (decimal 210)
   defining Unicode char U+00D3 (decimal 211)
   defining Unicode char U+00D4 (decimal 212)
   defining Unicode char U+00D5 (decimal 213)
   defining Unicode char U+00D6 (decimal 214)
   defining Unicode char U+00D8 (decimal 216)
   defining Unicode char U+00D9 (decimal 217)
   defining Unicode char U+00DA (decimal 218)
   defining Unicode char U+00DB (decimal 219)
   defining Unicode char U+00DC (decimal 220)
   defining Unicode char U+00DD (decimal 221)
   defining Unicode char U+00DE (decimal 222)
   defining Unicode char U+00DF (decimal 223)
   defining Unicode char U+00E0 (decimal 224)
   defining Unicode char U+00E1 (decimal 225)
   defining Unicode char U+00E2 (decimal 226)
   defining Unicode char U+00E3 (decimal 227)
   defining Unicode char U+00E4 (decimal 228)
   defining Unicode char U+00E5 (decimal 229)
   defining Unicode char U+00E6 (decimal 230)
   defining Unicode char U+00E7 (decimal 231)
   defining Unicode char U+00E8 (decimal 232)
   defining Unicode char U+00E9 (decimal 233)
   defining Unicode char U+00EA (decimal 234)
   defining Unicode char U+00EB (decimal 235)
   defining Unicode char U+00EC (decimal 236)
   defining Unicode char U+00ED (decimal 237)
   defining Unicode char U+00EE (decimal 238)
   defining Unicode char U+00EF (decimal 239)
   defining Unicode char U+00F0 (decimal 240)
   defining Unicode char U+00F1 (decimal 241)
   defining Unicode char U+00F2 (decimal 242)
   defining Unicode char U+00F3 (decimal 243)
   defining Unicode char U+00F4 (decimal 244)
   defining Unicode char U+00F5 (decimal 245)
   defining Unicode char U+00F6 (decimal 246)
   defining Unicode char U+00F8 (decimal 248)
   defining Unicode char U+00F9 (decimal 249)
   defining Unicode char U+00FA (decimal 250)
   defining Unicode char U+00FB (decimal 251)
   defining Unicode char U+00FC (decimal 252)
   defining Unicode char U+00FD (decimal 253)
   defining Unicode char U+00FE (decimal 254)
   defining Unicode char U+00FF (decimal 255)
   defining Unicode char U+0100 (decimal 256)
   defining Unicode char U+0101 (decimal 257)
   defining Unicode char U+0102 (decimal 258)
   defining Unicode char U+0103 (decimal 259)
   defining Unicode char U+0104 (decimal 260)
   defining Unicode char U+0105 (decimal 261)
   defining Unicode char U+0106 (decimal 262)
   defining Unicode char U+0107 (decimal 263)
   defining Unicode char U+0108 (decimal 264)
   defining Unicode char U+0109 (decimal 265)
   defining Unicode char U+010A (decimal 266)
   defining Unicode char U+010B (decimal 267)
   defining Unicode char U+010C (decimal 268)
   defining Unicode char U+010D (decimal 269)
   defining Unicode char U+010E (decimal 270)
   defining Unicode char U+010F (decimal 271)
   defining Unicode char U+0110 (decimal 272)
   defining Unicode char U+0111 (decimal 273)
   defining Unicode char U+0112 (decimal 274)
   defining Unicode char U+0113 (decimal 275)
   defining Unicode char U+0114 (decimal 276)
   defining Unicode char U+0115 (decimal 277)
   defining Unicode char U+0116 (decimal 278)
   defining Unicode char U+0117 (decimal 279)
   defining Unicode char U+0118 (decimal 280)
   defining Unicode char U+0119 (decimal 281)
   defining Unicode char U+011A (decimal 282)
   defining Unicode char U+011B (decimal 283)
   defining Unicode char U+011C (decimal 284)
   defining Unicode char U+011D (decimal 285)
   defining Unicode char U+011E (decimal 286)
   defining Unicode char U+011F (decimal 287)
   defining Unicode char U+0120 (decimal 288)
   defining Unicode char U+0121 (decimal 289)
   defining Unicode char U+0122 (decimal 290)
   defining Unicode char U+0123 (decimal 291)
   defining Unicode char U+0124 (decimal 292)
   defining Unicode char U+0125 (decimal 293)
   defining Unicode char U+0128 (decimal 296)
   defining Unicode char U+0129 (decimal 297)
   defining Unicode char U+012A (decimal 298)
   defining Unicode char U+012B (decimal 299)
   defining Unicode char U+012C (decimal 300)
   defining Unicode char U+012D (decimal 301)
   defining Unicode char U+012E (decimal 302)
   defining Unicode char U+012F (decimal 303)
   defining Unicode char U+0130 (decimal 304)
   defining Unicode char U+0131 (decimal 305)
   defining Unicode char U+0132 (decimal 306)
   defining Unicode char U+0133 (decimal 307)
   defining Unicode char U+0134 (decimal 308)
   defining Unicode char U+0135 (decimal 309)
   defining Unicode char U+0136 (decimal 310)
   defining Unicode char U+0137 (decimal 311)
   defining Unicode char U+0139 (decimal 313)
   defining Unicode char U+013A (decimal 314)
   defining Unicode char U+013B (decimal 315)
   defining Unicode char U+013C (decimal 316)
   defining Unicode char U+013D (decimal 317)
   defining Unicode char U+013E (decimal 318)
   defining Unicode char U+0141 (decimal 321)
   defining Unicode char U+0142 (decimal 322)
   defining Unicode char U+0143 (decimal 323)
   defining Unicode char U+0144 (decimal 324)
   defining Unicode char U+0145 (decimal 325)
   defining Unicode char U+0146 (decimal 326)
   defining Unicode char U+0147 (decimal 327)
   defining Unicode char U+0148 (decimal 328)
   defining Unicode char U+014A (decimal 330)
   defining Unicode char U+014B (decimal 331)
   defining Unicode char U+014C (decimal 332)
   defining Unicode char U+014D (decimal 333)
   defining Unicode char U+014E (decimal 334)
   defining Unicode char U+014F (decimal 335)
   defining Unicode char U+0150 (decimal 336)
   defining Unicode char U+0151 (decimal 337)
   defining Unicode char U+0152 (decimal 338)
   defining Unicode char U+0153 (decimal 339)
   defining Unicode char U+0154 (decimal 340)
   defining Unicode char U+0155 (decimal 341)
   defining Unicode char U+0156 (decimal 342)
   defining Unicode char U+0157 (decimal 343)
   defining Unicode char U+0158 (decimal 344)
   defining Unicode char U+0159 (decimal 345)
   defining Unicode char U+015A (decimal 346)
   defining Unicode char U+015B (decimal 347)
   defining Unicode char U+015C (decimal 348)
   defining Unicode char U+015D (decimal 349)
   defining Unicode char U+015E (decimal 350)
   defining Unicode char U+015F (decimal 351)
   defining Unicode char U+0160 (decimal 352)
   defining Unicode char U+0161 (decimal 353)
   defining Unicode char U+0162 (decimal 354)
   defining Unicode char U+0163 (decimal 355)
   defining Unicode char U+0164 (decimal 356)
   defining Unicode char U+0165 (decimal 357)
   defining Unicode char U+0168 (decimal 360)
   defining Unicode char U+0169 (decimal 361)
   defining Unicode char U+016A (decimal 362)
   defining Unicode char U+016B (decimal 363)
   defining Unicode char U+016C (decimal 364)
   defining Unicode char U+016D (decimal 365)
   defining Unicode char U+016E (decimal 366)
   defining Unicode char U+016F (decimal 367)
   defining Unicode char U+0170 (decimal 368)
   defining Unicode char U+0171 (decimal 369)
   defining Unicode char U+0172 (decimal 370)
   defining Unicode char U+0173 (decimal 371)
   defining Unicode char U+0174 (decimal 372)
   defining Unicode char U+0175 (decimal 373)
   defining Unicode char U+0176 (decimal 374)
   defining Unicode char U+0177 (decimal 375)
   defining Unicode char U+0178 (decimal 376)
   defining Unicode char U+0179 (decimal 377)
   defining Unicode char U+017A (decimal 378)
   defining Unicode char U+017B (decimal 379)
   defining Unicode char U+017C (decimal 380)
   defining Unicode char U+017D (decimal 381)
   defining Unicode char U+017E (decimal 382)
   defining Unicode char U+01CD (decimal 461)
   defining Unicode char U+01CE (decimal 462)
   defining Unicode char U+01CF (decimal 463)
   defining Unicode char U+01D0 (decimal 464)
   defining Unicode char U+01D1 (decimal 465)
   defining Unicode char U+01D2 (decimal 466)
   defining Unicode char U+01D3 (decimal 467)
   defining Unicode char U+01D4 (decimal 468)
   defining Unicode char U+01E2 (decimal 482)
   defining Unicode char U+01E3 (decimal 483)
   defining Unicode char U+01E6 (decimal 486)
   defining Unicode char U+01E7 (decimal 487)
   defining Unicode char U+01E8 (decimal 488)
   defining Unicode char U+01E9 (decimal 489)
   defining Unicode char U+01EA (decimal 490)
   defining Unicode char U+01EB (decimal 491)
   defining Unicode char U+01F0 (decimal 496)
   defining Unicode char U+01F4 (decimal 500)
   defining Unicode char U+01F5 (decimal 501)
   defining Unicode char U+0218 (decimal 536)
   defining Unicode char U+0219 (decimal 537)
   defining Unicode char U+021A (decimal 538)
   defining Unicode char U+021B (decimal 539)
   defining Unicode char U+1E02 (decimal 7682)
   defining Unicode char U+1E03 (decimal 7683)
   defining Unicode char U+200C (decimal 8204)
   defining Unicode char U+2010 (decimal 8208)
   defining Unicode char U+2011 (decimal 8209)
   defining Unicode char U+2012 (decimal 8210)
   defining Unicode char U+2013 (decimal 8211)
   defining Unicode char U+2014 (decimal 8212)
   defining Unicode char U+2015 (decimal 8213)
   defining Unicode char U+2018 (decimal 8216)
   defining Unicode char U+2019 (decimal 8217)
   defining Unicode char U+201A (decimal 8218)
   defining Unicode char U+201C (decimal 8220)
   defining Unicode char U+201D (decimal 8221)
   defining Unicode char U+201E (decimal 8222)
   defining Unicode char U+2030 (decimal 8240)
   defining Unicode char U+2031 (decimal 8241)
   defining Unicode char U+2039 (decimal 8249)
   defining Unicode char U+203A (decimal 8250)
   defining Unicode char U+2423 (decimal 9251)
)
Now handling font encoding OT1 ...
... processing UTF-8 mapping file for font encoding OT1

("C:\Program Files\MiKTeX 2.9\tex\latex\base\ot1enc.dfu"
File: ot1enc.dfu 2016/02/28 v1.1s UTF-8 support for inputenc
   defining Unicode char U+00A0 (decimal 160)
   defining Unicode char U+00A1 (decimal 161)
   defining Unicode char U+00A3 (decimal 163)
   defining Unicode char U+00AD (decimal 173)
   defining Unicode char U+00B8 (decimal 184)
   defining Unicode char U+00BF (decimal 191)
   defining Unicode char U+00C5 (decimal 197)
   defining Unicode char U+00C6 (decimal 198)
   defining Unicode char U+00D8 (decimal 216)
   defining Unicode char U+00DF (decimal 223)
   defining Unicode char U+00E6 (decimal 230)
   defining Unicode char U+00EC (decimal 236)
   defining Unicode char U+00ED (decimal 237)
   defining Unicode char U+00EE (decimal 238)
   defining Unicode char U+00EF (decimal 239)
   defining Unicode char U+00F8 (decimal 248)
   defining Unicode char U+0131 (decimal 305)
   defining Unicode char U+0141 (decimal 321)
   defining Unicode char U+0142 (decimal 322)
   defining Unicode char U+0152 (decimal 338)
   defining Unicode char U+0153 (decimal 339)
   defining Unicode char U+0174 (decimal 372)
   defining Unicode char U+0175 (decimal 373)
   defining Unicode char U+0176 (decimal 374)
   defining Unicode char U+0177 (decimal 375)
   defining Unicode char U+0218 (decimal 536)
   defining Unicode char U+0219 (decimal 537)
   defining Unicode char U+021A (decimal 538)
   defining Unicode char U+021B (decimal 539)
   defining Unicode char U+2013 (decimal 8211)
   defining Unicode char U+2014 (decimal 8212)
   defining Unicode char U+2018 (decimal 8216)
   defining Unicode char U+2019 (decimal 8217)
   defining Unicode char U+201C (decimal 8220)
   defining Unicode char U+201D (decimal 8221)
)
Now handling font encoding OMS ...
... processing UTF-8 mapping file for font encoding OMS

("C:\Program Files\MiKTeX 2.9\tex\latex\base\omsenc.dfu"
File: omsenc.dfu 2016/02/28 v1.1s UTF-8 support for inputenc
   defining Unicode char U+00A7 (decimal 167)
   defining Unicode char U+00B6 (decimal 182)
   defining Unicode char U+00B7 (decimal 183)
   defining Unicode char U+2020 (decimal 8224)
   defining Unicode char U+2021 (decimal 8225)
   defining Unicode char U+2022 (decimal 8226)
)
Now handling font encoding OMX ...
... no UTF-8 mapping file for font encoding OMX
Now handling font encoding U ...
... no UTF-8 mapping file for font encoding U
   defining Unicode char U+00A9 (decimal 169)
   defining Unicode char U+00AA (decimal 170)
   defining Unicode char U+00AE (decimal 174)
   defining Unicode char U+00BA (decimal 186)
   defining Unicode char U+02C6 (decimal 710)
   defining Unicode char U+02DC (decimal 732)
   defining Unicode char U+200C (decimal 8204)
   defining Unicode char U+2026 (decimal 8230)
   defining Unicode char U+2122 (decimal 8482)
   defining Unicode char U+2423 (decimal 9251)
))
("C:\Program Files\MiKTeX 2.9\tex\latex\base\fontenc.sty"
Package: fontenc 2017/01/24 v2.0c Standard LaTeX package

("C:\Program Files\MiKTeX 2.9\tex\latex\base\t1enc.def"
File: t1enc.def 2017/01/24 v2.0c Standard LaTeX file
LaTeX Font Info:    Redeclaring font encoding T1 on input line 48.
))
("C:\Program Files\MiKTeX 2.9\tex\latex\cmap\cmap.sty"
Package: cmap 2008/03/06 v1.0h CMap support: searchable PDF


Package cmap Warning: fontenc already loaded - some fonts may be unprocessed.

) ("C:\Program Files\MiKTeX 2.9\tex\latex\url\url.sty"
\Urlmuskip=\muskip11
Package: url 2013/09/16  ver 3.4  Verb mode for urls, etc.
)
("C:\Program Files\MiKTeX 2.9\tex\latex\ms\ragged2e.sty"
Package: ragged2e 2009/05/21 v2.1 ragged2e Package (MS)

("C:\Program Files\MiKTeX 2.9\tex\latex\ms\everysel.sty"
Package: everysel 2011/10/28 v1.2 EverySelectfont Package (MS)
)
\CenteringLeftskip=\skip46
\RaggedLeftLeftskip=\skip47
\RaggedRightLeftskip=\skip48
\CenteringRightskip=\skip49
\RaggedLeftRightskip=\skip50
\RaggedRightRightskip=\skip51
\CenteringParfillskip=\skip52
\RaggedLeftParfillskip=\skip53
\RaggedRightParfillskip=\skip54
\JustifyingParfillskip=\skip55
\CenteringParindent=\skip56
\RaggedLeftParindent=\skip57
\RaggedRightParindent=\skip58
\JustifyingParindent=\skip59
)
("C:\Program Files\MiKTeX 2.9\tex\latex\graphics\color.sty"
Package: color 2016/07/10 v1.1e Standard LaTeX Color (DPC)

("C:\Program Files\MiKTeX 2.9\tex\latex\graphics-cfg\color.cfg"
File: color.cfg 2016/01/02 v1.6 sample color configuration
)
Package color Info: Driver file: pdftex.def on input line 147.

("C:\Program Files\MiKTeX 2.9\tex\latex\graphics-def\pdftex.def"
File: pdftex.def 2017/01/12 v0.06k Graphics/color for pdfTeX

("C:\Program Files\MiKTeX 2.9\tex\generic\oberdiek\infwarerr.sty"
Package: infwarerr 2016/05/16 v1.4 Providing info/warning/error messages (HO)
)
("C:\Program Files\MiKTeX 2.9\tex\generic\oberdiek\ltxcmds.sty"
Package: ltxcmds 2016/05/16 v1.23 LaTeX kernel commands for general use (HO)
)
\Gread@gobject=\count103
))
("C:\Program Files\MiKTeX 2.9\tex\latex\etoolbox\etoolbox.sty"
Package: etoolbox 2017/01/02 v2.4 e-TeX tools for LaTeX (JAW)
\etb@tempcnta=\count104
)
("C:\Program Files\MiKTeX 2.9\tex\latex\graphics\graphicx.sty"
Package: graphicx 2014/10/28 v1.0g Enhanced LaTeX Graphics (DPC,SPQR)

("C:\Program Files\MiKTeX 2.9\tex\latex\graphics\keyval.sty"
Package: keyval 2014/10/28 v1.15 key=value parser (DPC)
\KV@toks@=\toks21
)
("C:\Program Files\MiKTeX 2.9\tex\latex\graphics\graphics.sty"
Package: graphics 2016/10/09 v1.0u Standard LaTeX Graphics (DPC,SPQR)

("C:\Program Files\MiKTeX 2.9\tex\latex\graphics\trig.sty"
Package: trig 2016/01/03 v1.10 sin cos tan (DPC)
)
("C:\Program Files\MiKTeX 2.9\tex\latex\graphics-cfg\graphics.cfg"
File: graphics.cfg 2016/06/04 v1.11 sample graphics configuration
)
Package graphics Info: Driver file: pdftex.def on input line 99.
)
\Gin@req@height=\dimen113
\Gin@req@width=\dimen114
)
\mkspc=\skip60
\DESCRIPTION@totalleftmargin=\skip61
\DESCRIPTION@linewidth=\skip62

("C:\Program Files\MiKTeX 2.9\tex\latex\opensans\opensans.sty"
Package: opensans 2011/11/11 Opensans

("C:\Program Files\MiKTeX 2.9\tex\latex\slantsc\slantsc.sty"
Package: slantsc 2012/01/01 v2.11 Provide Slanted an Italic Small Caps

("C:\Program Files\MiKTeX 2.9\tex\latex\base\ifthen.sty"
Package: ifthen 2014/09/29 v1.1c Standard LaTeX ifthen package (DPC)
)
LaTeX Info: Redefining \upshape on input line 35.
LaTeX Info: Redefining \slshape on input line 45.
LaTeX Info: Redefining \itshape on input line 55.
LaTeX Info: Redefining \scshape on input line 65.
))
("C:\Program Files\MiKTeX 2.9\tex\latex\base\fontenc.sty"
Package: fontenc 2017/01/24 v2.0c Standard LaTeX package

("C:\Program Files\MiKTeX 2.9\tex\latex\base\t1enc.def"
File: t1enc.def 2017/01/24 v2.0c Standard LaTeX file
LaTeX Font Info:    Redeclaring font encoding T1 on input line 48.
))
("C:\Program Files\MiKTeX 2.9\tex\latex\float\float.sty"
Package: float 2001/11/08 v1.3d Float enhancements (AL)
\c@float@type=\count105
\float@exts=\toks22
\float@box=\box28
\@float@everytoks=\toks23
\@floatcapt=\box29
)
("C:\Program Files\MiKTeX 2.9\tex\latex\tools\calc.sty"
Package: calc 2014/10/28 v4.3 Infix arithmetic (KKT,FJ)
\calc@Acount=\count106
\calc@Bcount=\count107
\calc@Adimen=\dimen115
\calc@Bdimen=\dimen116
\calc@Askip=\skip63
\calc@Bskip=\skip64
LaTeX Info: Redefining \setlength on input line 80.
LaTeX Info: Redefining \addtolength on input line 81.
\calc@Ccount=\count108
\calc@Cskip=\skip65
)
("C:\Program Files\MiKTeX 2.9\tex\latex\tools\longtable.sty"
Package: longtable 2014/10/28 v4.11 Multi-page Table package (DPC)
\LTleft=\skip66
\LTright=\skip67
\LTpre=\skip68
\LTpost=\skip69
\LTchunksize=\count109
\LTcapwidth=\dimen117
\LT@head=\box30
\LT@firsthead=\box31
\LT@foot=\box32
\LT@lastfoot=\box33
\LT@cols=\count110
\LT@rows=\count111
\c@LT@tables=\count112
\c@LT@chunks=\count113
\LT@p@ftn=\toks24
)
("C:\Program Files\MiKTeX 2.9\tex\latex\booktabs\booktabs.sty"
Package: booktabs 2005/04/14 v1.61803 publication quality tables
\heavyrulewidth=\dimen118
\lightrulewidth=\dimen119
\cmidrulewidth=\dimen120
\belowrulesep=\dimen121
\belowbottomsep=\dimen122
\aboverulesep=\dimen123
\abovetopsep=\dimen124
\cmidrulesep=\dimen125
\cmidrulekern=\dimen126
\defaultaddspace=\dimen127
\@cmidla=\count114
\@cmidlb=\count115
\@aboverulesep=\dimen128
\@belowrulesep=\dimen129
\@thisruleclass=\count116
\@lastruleclass=\count117
\@thisrulewidth=\dimen130
)
("C:\Program Files\MiKTeX 2.9\tex\latex\xcolor\xcolor.sty"
Package: xcolor 2016/05/11 v2.12 LaTeX color extensions (UK)

("C:\Program Files\MiKTeX 2.9\tex\latex\graphics-cfg\color.cfg"
File: color.cfg 2016/01/02 v1.6 sample color configuration
)
Package xcolor Info: Driver file: pdftex.def on input line 225.
LaTeX Info: Redefining \color on input line 709.
Package xcolor Info: Model `cmy' substituted by `cmy0' on input line 1348.
Package xcolor Info: Model `hsb' substituted by `rgb' on input line 1352.
Package xcolor Info: Model `RGB' extended on input line 1364.
Package xcolor Info: Model `HTML' substituted by `rgb' on input line 1366.
Package xcolor Info: Model `Hsb' substituted by `hsb' on input line 1367.
Package xcolor Info: Model `tHsb' substituted by `hsb' on input line 1368.
Package xcolor Info: Model `HSB' substituted by `hsb' on input line 1369.
Package xcolor Info: Model `Gray' substituted by `gray' on input line 1370.
Package xcolor Info: Model `wave' substituted by `hsb' on input line 1371.
)
("C:\Program Files\MiKTeX 2.9\tex\latex\colortbl\colortbl.sty"
Package: colortbl 2012/02/13 v1.0a Color table columns (DPC)

("C:\Program Files\MiKTeX 2.9\tex\latex\tools\array.sty"
Package: array 2016/10/06 v2.4d Tabular extension package (FMi)
\col@sep=\dimen131
\extrarowheight=\dimen132
\NC@list=\toks25
\extratabsurround=\skip70
\backup@length=\skip71
)
\everycr=\toks26
\minrowclearance=\skip72
)
("C:\Program Files\MiKTeX 2.9\tex\latex\multirow\multirow.sty"
Package: multirow 2016/11/25 v2.2 Span multiple rows of a table
\multirow@colwidth=\skip73
\multirow@cntb=\count118
\multirow@dima=\skip74
\bigstrutjot=\dimen133
)
("C:\Program Files\MiKTeX 2.9\tex\latex\tools\tabularx.sty"
Package: tabularx 2016/02/03 v2.11 `tabularx' package (DPC)
\TX@col@width=\dimen134
\TX@old@table=\dimen135
\TX@old@col=\dimen136
\TX@target=\dimen137
\TX@delta=\dimen138
\TX@cols=\count119
\TX@ftn=\toks27
)
("C:\Program Files\MiKTeX 2.9\tex\latex\blindtext\blindtext.sty"
Package: blindtext 2012/01/06 V2.0 blindtext-Package

("C:\Program Files\MiKTeX 2.9\tex\latex\tools\xspace.sty"
Package: xspace 2014/10/28 v1.13 Space after command names (DPC,MH)
)
\c@blindtext=\count120
\c@Blindtext=\count121
\c@blind@countparstart=\count122
\blind@countxx=\count123
\blindtext@numBlindtext=\count124
\blind@countyy=\count125
\c@blindlist=\count126
\c@blindlistlevel=\count127
\c@blindlist@level=\count128
\blind@listitem=\count129
\c@blind@listcount=\count130
\c@blind@levelcount=\count131
\blind@mathformula=\count132
\blind@Mathformula=\count133
\c@blind@randomcount=\count134
\c@blind@randommax=\count135
\c@blind@pangramcount=\count136
\c@blind@pangrammax=\count137
)
("C:\Program Files\MiKTeX 2.9\tex\latex\listings\listings.sty"
\lst@mode=\count138
\lst@gtempboxa=\box34
\lst@token=\toks28
\lst@length=\count139
\lst@currlwidth=\dimen139
\lst@column=\count140
\lst@pos=\count141
\lst@lostspace=\dimen140
\lst@width=\dimen141
\lst@newlines=\count142
\lst@lineno=\count143
\lst@maxwidth=\dimen142

("C:\Program Files\MiKTeX 2.9\tex\latex\listings\lstmisc.sty"
File: lstmisc.sty 2015/06/04 1.6 (Carsten Heinz)
\c@lstnumber=\count144
\lst@skipnumbers=\count145
\lst@framebox=\box35
)
("C:\Program Files\MiKTeX 2.9\tex\latex\listings\listings.cfg"
File: listings.cfg 2015/06/04 1.6 listings configuration
))
Package: listings 2015/06/04 1.6 (Carsten Heinz)

("C:\Program Files\MiKTeX 2.9\tex\latex\appendix\appendix.sty"
Package: appendix 2009/09/02 v1.2b extra appendix facilities
\c@@pps=\count146
\c@@ppsavesec=\count147
\c@@ppsaveapp=\count148
)
("C:\Program Files\MiKTeX 2.9\tex\latex\titlesec\titletoc.sty"
Package: titletoc 2011/12/15 v1.6 TOC entries
\ttl@leftsep=\dimen143
)
("C:\Program Files\MiKTeX 2.9\tex\latex\ae\ae.sty"
Package: ae 2001/02/12 1.3 Almost European Computer Modern

("C:\Program Files\MiKTeX 2.9\tex\latex\base\fontenc.sty"
Package: fontenc 2017/01/24 v2.0c Standard LaTeX package

("C:\Program Files\MiKTeX 2.9\tex\latex\base\t1enc.def"
File: t1enc.def 2017/01/24 v2.0c Standard LaTeX file
LaTeX Font Info:    Redeclaring font encoding T1 on input line 48.
)
LaTeX Font Info:    Try loading font information for T1+aer on input line 105.

("C:\Program Files\MiKTeX 2.9\tex\latex\ae\t1aer.fd"
File: t1aer.fd 1997/11/16 Font definitions for T1/aer.
)<<t1.cmap>>))
("C:\Program Files\MiKTeX 2.9\tex\latex\regexpatch\regexpatch.sty"
("C:\Program Files\MiKTeX 2.9\tex\latex\l3kernel\expl3.sty"
Package: expl3 2017/04/01 L3 programming layer (loader) 

("C:\Program Files\MiKTeX 2.9\tex\latex\l3kernel\expl3-code.tex"
Package: expl3 2017/04/01 L3 programming layer (code)
\c_max_int=\count149
\l_tmpa_int=\count150
\l_tmpb_int=\count151
\g_tmpa_int=\count152
\g_tmpb_int=\count153
\g__prg_map_int=\count154
\c_log_iow=\count155
\l_iow_line_count_int=\count156
\l__iow_line_target_int=\count157
\l__iow_one_indent_int=\count158
\l__iow_indent_int=\count159
\c_zero_dim=\dimen144
\c_max_dim=\dimen145
\l_tmpa_dim=\dimen146
\l_tmpb_dim=\dimen147
\g_tmpa_dim=\dimen148
\g_tmpb_dim=\dimen149
\c_zero_skip=\skip75
\c_max_skip=\skip76
\l_tmpa_skip=\skip77
\l_tmpb_skip=\skip78
\g_tmpa_skip=\skip79
\g_tmpb_skip=\skip80
\c_zero_muskip=\muskip12
\c_max_muskip=\muskip13
\l_tmpa_muskip=\muskip14
\l_tmpb_muskip=\muskip15
\g_tmpa_muskip=\muskip16
\g_tmpb_muskip=\muskip17
\l_keys_choice_int=\count160
\c__fp_leading_shift_int=\count161
\c__fp_middle_shift_int=\count162
\c__fp_trailing_shift_int=\count163
\c__fp_big_leading_shift_int=\count164
\c__fp_big_middle_shift_int=\count165
\c__fp_big_trailing_shift_int=\count166
\c__fp_Bigg_leading_shift_int=\count167
\c__fp_Bigg_middle_shift_int=\count168
\c__fp_Bigg_trailing_shift_int=\count169
\c__fp_rand_size_int=\count170
\c__fp_rand_four_int=\count171
\c__fp_rand_eight_int=\count172
\l__sort_length_int=\count173
\l__sort_min_int=\count174
\l__sort_top_int=\count175
\l__sort_max_int=\count176
\l__sort_true_max_int=\count177
\l__sort_block_int=\count178
\l__sort_begin_int=\count179
\l__sort_end_int=\count180
\l__sort_A_int=\count181
\l__sort_B_int=\count182
\l__sort_C_int=\count183
\c_empty_box=\box36
\l_tmpa_box=\box37
\l_tmpb_box=\box38
\g_tmpa_box=\box39
\g_tmpb_box=\box40
\l__coffin_internal_box=\box41
\l__coffin_internal_dim=\dimen150
\l__coffin_offset_x_dim=\dimen151
\l__coffin_offset_y_dim=\dimen152
\l__coffin_x_dim=\dimen153
\l__coffin_y_dim=\dimen154
\l__coffin_x_prime_dim=\dimen155
\l__coffin_y_prime_dim=\dimen156
\c_empty_coffin=\box42
\l__coffin_aligned_coffin=\box43
\l__coffin_aligned_internal_coffin=\box44
\l_tmpa_coffin=\box45
\l_tmpb_coffin=\box46
\l__coffin_display_coffin=\box47
\l__coffin_display_coord_coffin=\box48
\l__coffin_display_pole_coffin=\box49
\l__coffin_display_offset_dim=\dimen157
\l__coffin_display_x_dim=\dimen158
\l__coffin_display_y_dim=\dimen159
\l__box_top_dim=\dimen160
\l__box_bottom_dim=\dimen161
\l__box_left_dim=\dimen162
\l__box_right_dim=\dimen163
\l__box_top_new_dim=\dimen164
\l__box_bottom_new_dim=\dimen165
\l__box_left_new_dim=\dimen166
\l__box_right_new_dim=\dimen167
\l__box_internal_box=\box50
\l__coffin_bounding_shift_dim=\dimen168
\l__coffin_left_corner_dim=\dimen169
\l__coffin_right_corner_dim=\dimen170
\l__coffin_bottom_corner_dim=\dimen171
\l__coffin_top_corner_dim=\dimen172
\l__coffin_scaled_total_height_dim=\dimen173
\l__coffin_scaled_width_dim=\dimen174
)
("C:\Program Files\MiKTeX 2.9\tex\latex\l3kernel\l3pdfmode.def"
File: l3pdfmode.def 2017/03/18 v L3 Experimental driver: PDF mode
\l__driver_color_stack_int=\count184
\l__driver_tmp_box=\box51
))
Package: regexpatch 2016/05/15 v0.2b Extending etoolbox patching commands

("C:\Program Files\MiKTeX 2.9\tex\latex\l3packages\xparse\xparse.sty"
Package: xparse 2017/04/01 L3 Experimental document command parser
\l__xparse_current_arg_int=\count185
\g__xparse_grabber_int=\count186
\l__xparse_m_args_int=\count187
\l__xparse_mandatory_args_int=\count188
\l__xparse_v_nesting_int=\count189
)
("C:\Program Files\MiKTeX 2.9\tex\latex\l3experimental\l3str\l3regex.sty"
Package: l3regex 2017/04/01 L3 Experimental regular expressions

("C:\Program Files\MiKTeX 2.9\tex\latex\l3experimental\l3str\l3tl-build.sty"
Package: l3tl-build 2017/04/01 L3 Experimental token list construction
\l__tl_build_start_index_int=\count190
\l__tl_build_index_int=\count191
)
("C:\Program Files\MiKTeX 2.9\tex\latex\l3experimental\l3str\l3tl-analysis.sty"
Package: l3tl-analysis 2017/04/01 L3 Experimental token list analysis
\l__tl_analysis_normal_int=\count192
\l__tl_analysis_index_int=\count193
\l__tl_analysis_nesting_int=\count194
\l__tl_analysis_type_int=\count195
) ("C:\Program Files\MiKTeX 2.9\tex\latex\l3experimental\l3str\l3str-convert.st
y"
Package: l3str-convert 2017/04/01 L3 Experimental string encoding conversions
\l__str_internal_int=\count196
\c__str_replacement_char_int=\count197
)
\l__regex_internal_a_int=\count198
\l__regex_internal_b_int=\count199
\l__regex_internal_c_int=\count266
\l__regex_balance_int=\count267
\l__regex_group_level_int=\count268
\l__regex_mode_int=\count269
\c__regex_cs_in_class_mode_int=\count270
\c__regex_cs_mode_int=\count271
\l__regex_catcodes_int=\count272
\l__regex_default_catcodes_int=\count273
\c__regex_catcode_D_int=\count274
\c__regex_catcode_S_int=\count275
\c__regex_catcode_L_int=\count276
\c__regex_catcode_O_int=\count277
\c__regex_catcode_A_int=\count278
\c__regex_all_catcodes_int=\count279
\l__regex_show_lines_int=\count280
\l__regex_min_state_int=\count281
\l__regex_max_state_int=\count282
\l__regex_left_state_int=\count283
\l__regex_right_state_int=\count284
\l__regex_capturing_group_int=\count285
\l__regex_min_pos_int=\count286
\l__regex_max_pos_int=\count287
\l__regex_current_pos_int=\count288
\l__regex_start_pos_int=\count289
\l__regex_success_pos_int=\count290
\l__regex_current_char_int=\count291
\l__regex_current_catcode_int=\count292
\l__regex_last_char_int=\count293
\l__regex_case_changed_char_int=\count294
\l__regex_current_state_int=\count295
\l__regex_step_int=\count296
\l__regex_min_active_int=\count297
\l__regex_max_active_int=\count298
\l__regex_replacement_csnames_int=\count299
\l__regex_match_count_int=\count300
\l__regex_submatch_int=\count301
\l__regex_zeroth_submatch_int=\count302
)
.................................................
. LaTeX info: "xparse/define-command"
. 
. Defining command \xshowcmd with sig. 's+m' on line 374.
.................................................
.................................................
. LaTeX info: "xparse/define-command"
. 
. Defining command \xpretocmd with sig. '+m+m+m+m' on line 376.
.................................................
.................................................
. LaTeX info: "xparse/define-command"
. 
. Defining command \xapptocmd with sig. '+m+m+m+m' on line 378.
.................................................
.................................................
. LaTeX info: "xparse/define-command"
. 
. Defining command \regexpatchcmd with sig. 's+m+m+m+m+m' on line 384.
.................................................
.................................................
. LaTeX info: "xparse/define-command"
. 
. Defining command \xpatchcmd with sig. 's+m+m+m+m+m' on line 390.
.................................................
.................................................
. LaTeX info: "xparse/define-command"
. 
. Defining command \xshowbibmacro with sig. 's+m' on line 403.
.................................................
.................................................
. LaTeX info: "xparse/define-command"
. 
. Defining command \xpretobibmacro with sig. '+m+m+m+m' on line 408.
.................................................
.................................................
. LaTeX info: "xparse/define-command"
. 
. Defining command \xapptobibmacro with sig. '+m+m+m+m' on line 413.
.................................................
.................................................
. LaTeX info: "xparse/define-command"
. 
. Defining command \xpatchbibmacro with sig. 's+m+m+m+m+m' on line 425.
.................................................
.................................................
. LaTeX info: "xparse/define-command"
. 
. Defining command \regexpatchbibmacro with sig. 's+m+m+m+m+m' on line 437.
.................................................
.................................................
. LaTeX info: "xparse/define-command"
. 
. Defining command \xshowbibdriver with sig. 's+m' on line 450.
.................................................
.................................................
. LaTeX info: "xparse/define-command"
. 
. Defining command \xpretobibdriver with sig. '+m+m+m+m' on line 452.
.................................................
.................................................
. LaTeX info: "xparse/define-command"
. 
. Defining command \xapptobibdriver with sig. '+m+m+m+m' on line 454.
.................................................
.................................................
. LaTeX info: "xparse/define-command"
. 
. Defining command \xpatchbibdriver with sig. 's+m+m+m+m+m' on line 460.
.................................................
.................................................
. LaTeX info: "xparse/define-command"
. 
. Defining command \regexpatchbibdriver with sig. 's+m+m+m+m+m' on line 466.
.................................................
.................................................
. LaTeX info: "xparse/define-command"
. 
. Defining command \xshowfieldformat with sig. 'sO{*}+m' on line 479.
.................................................
.................................................
. LaTeX info: "xparse/define-command"
. 
. Defining command \xpretofieldformat with sig. 'sO{*}+m+m+m+m' on line 491.
.................................................
.................................................
. LaTeX info: "xparse/define-command"
. 
. Defining command \xapptofieldformat with sig. 'sO{*}+m+m+m+m' on line 503.
.................................................
.................................................
. LaTeX info: "xparse/define-command"
. 
. Defining command \xpatchfieldformat with sig. 'sO{*}+m+m+m+m+m' on line 515.
.................................................
.................................................
. LaTeX info: "xparse/define-command"
. 
. Defining command \regexpatchfieldformat with sig. 'sO{*}+m+m+m+m+m' on line
. 527.
.................................................
.................................................
. LaTeX info: "xparse/define-command"
. 
. Defining command \xshownameformat with sig. 'sO{*}+m' on line 541.
.................................................
.................................................
. LaTeX info: "xparse/define-command"
. 
. Defining command \xpretonameformat with sig. 'sO{*}+m+m+m+m' on line 553.
.................................................
.................................................
. LaTeX info: "xparse/define-command"
. 
. Defining command \xapptonameformat with sig. 'sO{*}+m+m+m+m' on line 565.
.................................................
.................................................
. LaTeX info: "xparse/define-command"
. 
. Defining command \xpatchnameformat with sig. 'sO{*}+m+m+m+m+m' on line 577.
.................................................
.................................................
. LaTeX info: "xparse/define-command"
. 
. Defining command \regexpatchnameformat with sig. 'sO{*}+m+m+m+m+m' on line
. 589.
.................................................
.................................................
. LaTeX info: "xparse/define-command"
. 
. Defining command \xshowlistformat with sig. 'sO{*}+m' on line 603.
.................................................
.................................................
. LaTeX info: "xparse/define-command"
. 
. Defining command \xpretolistformat with sig. 'sO{*}+m+m+m+m' on line 615.
.................................................
.................................................
. LaTeX info: "xparse/define-command"
. 
. Defining command \xapptolistformat with sig. 'sO{*}+m+m+m+m' on line 627.
.................................................
.................................................
. LaTeX info: "xparse/define-command"
. 
. Defining command \xpatchlistformat with sig. 'sO{*}+m+m+m+m+m' on line 639.
.................................................
.................................................
. LaTeX info: "xparse/define-command"
. 
. Defining command \regexpatchlistformat with sig. 'sO{*}+m+m+m+m+m' on line
. 651.
.................................................
.................................................
. LaTeX info: "xparse/define-command"
. 
. Defining command \xshowindexfieldformat with sig. 'sO{*}+m' on line 665.
.................................................
.................................................
. LaTeX info: "xparse/define-command"
. 
. Defining command \xpretoindexfieldformat with sig. 'sO{*}+m+m+m+m' on line
. 677.
.................................................
.................................................
. LaTeX info: "xparse/define-command"
. 
. Defining command \xapptoindexfieldformat with sig. 'sO{*}+m+m+m+m' on line
. 689.
.................................................
.................................................
. LaTeX info: "xparse/define-command"
. 
. Defining command \xpatchindexfieldformat with sig. 'sO{*}+m+m+m+m+m' on line
. 701.
.................................................
.................................................
. LaTeX info: "xparse/define-command"
. 
. Defining command \regexpatchindexfieldformat with sig. 'sO{*}+m+m+m+m+m' on
. line 713.
.................................................
.................................................
. LaTeX info: "xparse/define-command"
. 
. Defining command \xshowindexnameformat with sig. 'sO{*}+m' on line 727.
.................................................
.................................................
. LaTeX info: "xparse/define-command"
. 
. Defining command \xpretoindexnameformat with sig. 'sO{*}+m+m+m+m' on line
. 739.
.................................................
.................................................
. LaTeX info: "xparse/define-command"
. 
. Defining command \xapptoindexnameformat with sig. 'sO{*}+m+m+m+m' on line
. 751.
.................................................
.................................................
. LaTeX info: "xparse/define-command"
. 
. Defining command \xpatchindexnameformat with sig. 'sO{*}+m+m+m+m+m' on line
. 763.
.................................................
.................................................
. LaTeX info: "xparse/define-command"
. 
. Defining command \regexpatchindexnameformat with sig. 'sO{*}+m+m+m+m+m' on
. line 775.
.................................................
.................................................
. LaTeX info: "xparse/define-command"
. 
. Defining command \xshowindexlistformat with sig. 'sO{*}+m' on line 789.
.................................................
.................................................
. LaTeX info: "xparse/define-command"
. 
. Defining command \xpretoindexlistformat with sig. 'sO{*}+m+m+m+m' on line
. 801.
.................................................
.................................................
. LaTeX info: "xparse/define-command"
. 
. Defining command \xapptoindexlistformat with sig. 'sO{*}+m+m+m+m' on line
. 813.
.................................................
.................................................
. LaTeX info: "xparse/define-command"
. 
. Defining command \xpatchindexlistformat with sig. 'sO{*}+m+m+m+m+m' on line
. 825.
.................................................
.................................................
. LaTeX info: "xparse/define-command"
. 
. Defining command \regexpatchindexlistformat with sig. 'sO{*}+m+m+m+m+m' on
. line 837.
.................................................
.................................................
. LaTeX info: "xparse/define-command"
. 
. Defining command \checkpatchable with sig. '+m' on line 844.
.................................................
.................................................
. LaTeX info: "xparse/define-command"
. 
. Defining command \xpatchoptarg with sig. '+m+m' on line 873.
.................................................
.................................................
. LaTeX info: "xparse/define-command"
. 
. Defining command \tracingxpatches with sig. 'O{1}' on line 879.
.................................................
.................................................
. LaTeX info: "xparse/define-command"
. 
. Defining command \xpatchparametertext with sig. '+m+m+m+m+m' on line 892.
.................................................
)) ("C:\Program Files\MiKTeX 2.9\tex\latex\hyperref\hyperref.sty"
Package: hyperref 2016/06/24 v6.83q Hypertext links for LaTeX

("C:\Program Files\MiKTeX 2.9\tex\generic\oberdiek\hobsub-hyperref.sty"
Package: hobsub-hyperref 2016/05/16 v1.14 Bundle oberdiek, subset hyperref (HO)


("C:\Program Files\MiKTeX 2.9\tex\generic\oberdiek\hobsub-generic.sty"
Package: hobsub-generic 2016/05/16 v1.14 Bundle oberdiek, subset generic (HO)
Package: hobsub 2016/05/16 v1.14 Construct package bundles (HO)
Package hobsub Info: Skipping package `infwarerr' (already loaded).
Package hobsub Info: Skipping package `ltxcmds' (already loaded).
Package: ifluatex 2016/05/16 v1.4 Provides the ifluatex switch (HO)
Package ifluatex Info: LuaTeX not detected.
Package: ifvtex 2016/05/16 v1.6 Detect VTeX and its facilities (HO)
Package ifvtex Info: VTeX not detected.
Package: intcalc 2016/05/16 v1.2 Expandable calculations with integers (HO)
Package: ifpdf 2016/05/14 v3.1 Provides the ifpdf switch
Package: etexcmds 2016/05/16 v1.6 Avoid name clashes with e-TeX commands (HO)
Package etexcmds Info: Could not find \expanded.
(etexcmds)             That can mean that you are not using pdfTeX 1.50 or
(etexcmds)             that some package has redefined \expanded.
(etexcmds)             In the latter case, load this package earlier.
Package: kvsetkeys 2016/05/16 v1.17 Key value parser (HO)
Package: kvdefinekeys 2016/05/16 v1.4 Define keys (HO)
Package: pdftexcmds 2016/05/21 v0.22 Utility functions of pdfTeX for LuaTeX (HO
)
Package pdftexcmds Info: LuaTeX not detected.
Package pdftexcmds Info: \pdf@primitive is available.
Package pdftexcmds Info: \pdf@ifprimitive is available.
Package pdftexcmds Info: \pdfdraftmode found.
Package: pdfescape 2016/05/16 v1.14 Implements pdfTeX's escape features (HO)
Package: bigintcalc 2016/05/16 v1.4 Expandable calculations on big integers (HO
)
Package: bitset 2016/05/16 v1.2 Handle bit-vector datatype (HO)
Package: uniquecounter 2016/05/16 v1.3 Provide unlimited unique counter (HO)
)
Package hobsub Info: Skipping package `hobsub' (already loaded).
Package: letltxmacro 2016/05/16 v1.5 Let assignment for LaTeX macros (HO)
Package: hopatch 2016/05/16 v1.3 Wrapper for package hooks (HO)
Package: xcolor-patch 2016/05/16 xcolor patch
Package: atveryend 2016/05/16 v1.9 Hooks at the very end of document (HO)
Package: atbegshi 2016/06/09 v1.18 At begin shipout hook (HO)
Package: refcount 2016/05/16 v3.5 Data extraction from label references (HO)
Package: hycolor 2016/05/16 v1.8 Color options for hyperref/bookmark (HO)
)
("C:\Program Files\MiKTeX 2.9\tex\generic\ifxetex\ifxetex.sty"
Package: ifxetex 2010/09/12 v0.6 Provides ifxetex conditional
)
("C:\Program Files\MiKTeX 2.9\tex\latex\oberdiek\auxhook.sty"
Package: auxhook 2016/05/16 v1.4 Hooks for auxiliary files (HO)
)
("C:\Program Files\MiKTeX 2.9\tex\latex\oberdiek\kvoptions.sty"
Package: kvoptions 2016/05/16 v3.12 Key value format for package options (HO)
)
\@linkdim=\dimen175
\Hy@linkcounter=\count303
\Hy@pagecounter=\count304

("C:\Program Files\MiKTeX 2.9\tex\latex\hyperref\pd1enc.def"
File: pd1enc.def 2016/06/24 v6.83q Hyperref: PDFDocEncoding definition (HO)
Now handling font encoding PD1 ...
... no UTF-8 mapping file for font encoding PD1
)
\Hy@SavedSpaceFactor=\count305

("C:\Program Files\MiKTeX 2.9\tex\latex\00miktex\hyperref.cfg"
File: hyperref.cfg 2002/06/06 v1.2 hyperref configuration of TeXLive
)
Package hyperref Info: Option `unicode' set `true' on input line 4362.

("C:\Program Files\MiKTeX 2.9\tex\latex\hyperref\puenc.def"
File: puenc.def 2016/06/24 v6.83q Hyperref: PDF Unicode definition (HO)
Now handling font encoding PU ...
... no UTF-8 mapping file for font encoding PU
)
Package hyperref Info: Option `colorlinks' set `true' on input line 4362.
Package hyperref Info: Option `hyperindex' set `true' on input line 4362.
Package hyperref Info: Option `plainpages' set `false' on input line 4362.
Package hyperref Info: Hyper figures OFF on input line 4486.
Package hyperref Info: Link nesting OFF on input line 4491.
Package hyperref Info: Hyper index ON on input line 4494.
Package hyperref Info: Plain pages OFF on input line 4501.
Package hyperref Info: Backreferencing OFF on input line 4506.
Package hyperref Info: Implicit mode ON; LaTeX internals redefined.
Package hyperref Info: Bookmarks ON on input line 4735.
\c@Hy@tempcnt=\count306
LaTeX Info: Redefining \url on input line 5088.
\XeTeXLinkMargin=\dimen176
\Fld@menulength=\count307
\Field@Width=\dimen177
\Fld@charsize=\dimen178
Package hyperref Info: Hyper figures OFF on input line 6342.
Package hyperref Info: Link nesting OFF on input line 6347.
Package hyperref Info: Hyper index ON on input line 6350.
Package hyperref Info: backreferencing OFF on input line 6357.
Package hyperref Info: Link coloring ON on input line 6360.
Package hyperref Info: Link coloring with OCG OFF on input line 6367.
Package hyperref Info: PDF/A mode OFF on input line 6372.
LaTeX Info: Redefining \ref on input line 6412.
LaTeX Info: Redefining \pageref on input line 6416.
\Hy@abspage=\count308
\c@Item=\count309
\c@Hfootnote=\count310
)

Package hyperref Message: Driver: hpdftex.

("C:\Program Files\MiKTeX 2.9\tex\latex\hyperref\hpdftex.def"
File: hpdftex.def 2016/06/24 v6.83q Hyperref driver for pdfTeX
\Fld@listcount=\count311
\c@bookmark@seq@number=\count312

("C:\Program Files\MiKTeX 2.9\tex\latex\oberdiek\rerunfilecheck.sty"
Package: rerunfilecheck 2016/05/16 v1.8 Rerun checks for auxiliary files (HO)
Package uniquecounter Info: New unique counter `rerunfilecheck' on input line 2
82.
)
\Hy@SectionHShift=\skip81
)
("C:\Program Files\MiKTeX 2.9\tex\latex\oberdiek\hypcap.sty"
Package: hypcap 2016/05/16 v1.12 Adjusting the anchors of captions (HO)
) (xpolas34-ECS.aux)
\openout1 = `xpolas34-ECS.aux'.

LaTeX Font Info:    Checking defaults for OML/cmm/m/it on input line 164.
LaTeX Font Info:    ... okay on input line 164.
LaTeX Font Info:    Checking defaults for T1/cmr/m/n on input line 164.
LaTeX Font Info:    ... okay on input line 164.
LaTeX Font Info:    Checking defaults for OT1/cmr/m/n on input line 164.
LaTeX Font Info:    ... okay on input line 164.
LaTeX Font Info:    Checking defaults for OMS/cmsy/m/n on input line 164.
LaTeX Font Info:    ... okay on input line 164.
LaTeX Font Info:    Checking defaults for OMX/cmex/m/n on input line 164.
LaTeX Font Info:    ... okay on input line 164.
LaTeX Font Info:    Checking defaults for U/cmr/m/n on input line 164.
LaTeX Font Info:    ... okay on input line 164.
LaTeX Font Info:    Checking defaults for PD1/pdf/m/n on input line 164.
LaTeX Font Info:    ... okay on input line 164.
LaTeX Font Info:    Checking defaults for PU/pdf/m/n on input line 164.
LaTeX Font Info:    ... okay on input line 164.
LaTeX Font Info:    Try loading font information for T1+lmr on input line 164.
 ("C:\Program Files\MiKTeX 2.9\tex\latex\lm\t1lmr.fd"
File: t1lmr.fd 2009/10/30 v1.6 Font defs for Latin Modern
)
ABD: EverySelectfont initializing macros
LaTeX Info: Redefining \selectfont on input line 164.

("C:\Program Files\MiKTeX 2.9\tex\context\base\supp-pdf.mkii"
[Loading MPS to PDF converter (version 2006.09.02).]
\scratchcounter=\count313
\scratchdimen=\dimen179
\scratchbox=\box52
\nofMPsegments=\count314
\nofMParguments=\count315
\everyMPshowfont=\toks29
\MPscratchCnt=\count316
\MPscratchDim=\dimen180
\MPnumerator=\count317
\makeMPintoPDFobject=\count318
\everyMPtoPDFconversion=\toks30
) ("C:\Program Files\MiKTeX 2.9\tex\latex\oberdiek\epstopdf-base.sty"
Package: epstopdf-base 2016/05/15 v2.6 Base part for package epstopdf

("C:\Program Files\MiKTeX 2.9\tex\latex\oberdiek\grfext.sty"
Package: grfext 2016/05/16 v1.2 Manage graphics extensions (HO)
)
Package epstopdf-base Info: Redefining graphics rule for `.eps' on input line 4
38.
Package grfext Info: Graphics extension search list:
(grfext)             [.png,.pdf,.jpg,.mps,.jpeg,.jbig2,.jb2,.PNG,.PDF,.JPG,.JPE
G,.JBIG2,.JB2,.eps]
(grfext)             \AppendGraphicsExtensions on input line 456.
)
\c@lstlisting=\count319
\AtBeginShipoutBox=\box53
Package hyperref Info: Link coloring ON on input line 164.

("C:\Program Files\MiKTeX 2.9\tex\latex\hyperref\nameref.sty"
Package: nameref 2016/05/21 v2.44 Cross-referencing by name of section

("C:\Program Files\MiKTeX 2.9\tex\generic\oberdiek\gettitlestring.sty"
Package: gettitlestring 2016/05/16 v1.5 Cleanup title references (HO)
)
\c@section@level=\count320
)
LaTeX Info: Redefining \ref on input line 164.
LaTeX Info: Redefining \pageref on input line 164.
LaTeX Info: Redefining \nameref on input line 164.

(xpolas34-ECS.out) (xpolas34-ECS.out)
\@outlinefile=\write3
\openout3 = `xpolas34-ECS.out'.

LaTeX Font Info:    Try loading font information for T1+qhv on input line 170.

("C:\Program Files\MiKTeX 2.9\tex\latex\tex-gyre\t1qhv.fd"
File: t1qhv.fd 2009/09/25 v1.2 font definition file for T1/qhv
)
\@obrlogo=\box54
\@rtext=\box55
\@vyskartext=\skip82
\@sirkartext=\skip83
\@vyskaobr=\skip84
\@sirkaobr=\skip85

<template-fig/VUT_symbol_barevne_CMYK_CZ.pdf, id=148, 167.13641pt x 165.87971pt
>
File: template-fig/VUT_symbol_barevne_CMYK_CZ.pdf Graphic file (type pdf)
 <use template-fig/VUT_symbol_barevne_CMYK_CZ.pdf>
Package pdftex.def Info: template-fig/VUT_symbol_barevne_CMYK_CZ.pdf used on in
put line 170.
(pdftex.def)             Requested size: 116.65646pt x 115.17995pt.
LaTeX Font Info:    Try loading font information for T1+fos on input line 170.

("C:\Program Files\MiKTeX 2.9\tex\latex\opensans\t1fos.fd"
File: t1fos.fd 2011/11/11 Fontinst v1.927 font definitions for T1/fos.
)
LaTeX Font Info:    Font shape `T1/fos/bx/n' in size <18> not available
(Font)              Font shape `T1/fos/b/n' tried instead on input line 170.
LaTeX Font Info:    Font shape `T1/fos/bx/n' in size <11> not available
(Font)              Font shape `T1/fos/b/n' tried instead on input line 170.
LaTeX Font Info:    Font shape `T1/fos/bx/n' in size <14> not available
(Font)              Font shape `T1/fos/b/n' tried instead on input line 170.
LaTeX Font Info:    Font shape `T1/fos/bx/n' in size <10> not available
(Font)              Font shape `T1/fos/b/n' tried instead on input line 170.
 [1

{C:/ProgramData/MiKTeX/2.9/pdftex/config/pdftex.map} <./template-fig/VUT_symbol
_barevne_CMYK_CZ.pdf>] [2] [3] (xpolas34-ECS.toc<<ot1.cmap>><<oml.cmap>><<oms.c
map>><<omx.cmap>>
LaTeX Font Info:    Try loading font information for U+msa on input line 4.
("C:\Program Files\MiKTeX 2.9\tex\latex\amsfonts\umsa.fd"
File: umsa.fd 2013/01/14 v3.01 AMS symbols A
)
LaTeX Font Info:    Try loading font information for U+msb on input line 4.

("C:\Program Files\MiKTeX 2.9\tex\latex\amsfonts\umsb.fd"
File: umsb.fd 2013/01/14 v3.01 AMS symbols B
)pdfTeX warning (ext4): destination with the same identifier (name{page.1}) has
 been already used, duplicate ignored
<to be read again> 
                   \relax 
l.41 ...7}Z\IeC {\'a}v\IeC {\v e}r}{45}{chapter.7}
                                                   [1


])
\tf@toc=\write4
\openout4 = `xpolas34-ECS.toc'.


(xpolas34-ECS-01-kapitoly-chapters.texpdfTeX warning (ext4): destination with t
he same identifier (name{page.2}) has been already used, duplicate ignored
<to be read again> 
                   \relax 
l.34 \chapter
             {vod} [2]
Kapitola 1.
LaTeX Font Info:    Try loading font information for OMS+lmr on input line 42.
("C:\Program Files\MiKTeX 2.9\tex\latex\lm\omslmr.fd"
File: omslmr.fd 2009/10/30 v1.6 Font defs for Latin Modern
)
LaTeX Font Info:    Try loading font information for OMS+lmsy on input line 42.


("C:\Program Files\MiKTeX 2.9\tex\latex\lm\omslmsy.fd"
File: omslmsy.fd 2009/10/30 v1.6 Font defs for Latin Modern
)
LaTeX Font Info:    Font shape `OMS/lmr/m/n' in size <10.95> not available
(Font)              Font shape `OMS/lmsy/m/n' tried instead on input line 42.


LaTeX Warning: Reference `Chap:Theory' on page 3 undefined on input line 48.


LaTeX Warning: Reference `Chap:Design' on page 3 undefined on input line 48.


LaTeX Warning: Reference `Chap:Implementation' on page 3 undefined on input lin
e 48.


LaTeX Warning: Reference `Chap:Demo' on page 3 undefined on input line 48.

pdfTeX warning (ext4): destination with the same identifier (name{page.3}) has 
been already used, duplicate ignored
<to be read again> 
                   \relax 
l.50 \chapter
             {Teoretick rozbor} [3

]
Kapitola 2.

LaTeX Warning: Reference `Chap:Representation' on page 4 undefined on input lin
e 66.

[4

] <figures/BAC-DOD1.pdf, id=272, 462.72874pt x 238.8925pt>
File: figures/BAC-DOD1.pdf Graphic file (type pdf)

<use figures/BAC-DOD1.pdf>
Package pdftex.def Info: figures/BAC-DOD1.pdf used on input line 86.
(pdftex.def)             Requested size: 432.4818pt x 223.2795pt.

Overfull \hbox (0.81pt too wide) in paragraph at lines 86--87
[][] 
 []

[5] <figures/BAC-OOP1.pdf, id=297, 743.77875pt x 362.35374pt>
File: figures/BAC-OOP1.pdf Graphic file (type pdf)

<use figures/BAC-OOP1.pdf>
Package pdftex.def Info: figures/BAC-OOP1.pdf used on input line 108.
(pdftex.def)             Requested size: 432.4818pt x 210.70163pt.

Overfull \hbox (0.81pt too wide) in paragraph at lines 108--109
[][] 
 []

[6 <./figures/BAC-DOD1.pdf>]
<figures/BAC-OOP2.pdf, id=312, 442.65375pt x 323.2075pt>
File: figures/BAC-OOP2.pdf Graphic file (type pdf)

<use figures/BAC-OOP2.pdf>
Package pdftex.def Info: figures/BAC-OOP2.pdf used on input line 118.
(pdftex.def)             Requested size: 432.4818pt x 315.79922pt.

Overfull \hbox (0.81pt too wide) in paragraph at lines 118--119
[][] 
 []

<figures/BAC-OOP3.pdf, id=316, 377.41pt x 182.6825pt>
File: figures/BAC-OOP3.pdf Graphic file (type pdf)

<use figures/BAC-OOP3.pdf>
Package pdftex.def Info: figures/BAC-OOP3.pdf used on input line 126.
(pdftex.def)             Requested size: 432.4818pt x 209.33896pt.

Overfull \hbox (0.81pt too wide) in paragraph at lines 126--127
[][] 
 []

[7 <./figures/BAC-OOP1.pdf>] [8 <./figures/BAC-OOP2.pdf> <./figures/BAC-OOP3.pd
f>] <figures/BAC-OOC1_1.pdf, id=344, 502.87875pt x 401.5pt>
File: figures/BAC-OOC1_1.pdf Graphic file (type pdf)

<use figures/BAC-OOC1_1.pdf>
Package pdftex.def Info: figures/BAC-OOC1_1.pdf used on input line 161.
(pdftex.def)             Requested size: 432.4818pt x 345.29552pt.

Overfull \hbox (0.81pt too wide) in paragraph at lines 161--162
[][] 
 []

<figures/BAC-OOC1_2.pdf, id=346, 462.72874pt x 246.9225pt>
File: figures/BAC-OOC1_2.pdf Graphic file (type pdf)

<use figures/BAC-OOC1_2.pdf>
Package pdftex.def Info: figures/BAC-OOC1_2.pdf used on input line 169.
(pdftex.def)             Requested size: 432.4818pt x 230.78468pt.

Overfull \hbox (0.81pt too wide) in paragraph at lines 169--170
[][] 
 []

<figures/BAC-OOC2.pdf, id=349, 522.95375pt x 283.0575pt>
File: figures/BAC-OOC2.pdf Graphic file (type pdf)

<use figures/BAC-OOC2.pdf>
Package pdftex.def Info: figures/BAC-OOC2.pdf used on input line 177.
(pdftex.def)             Requested size: 432.4818pt x 234.09111pt.

Overfull \hbox (0.81pt too wide) in paragraph at lines 177--178
[][] 
 []

[9] [10 <./figures/BAC-OOC1_1.pdf>] [11 <./figures/BAC-OOC1_2.pdf> <./figures/B
AC-OOC2.pdf>] <figures/BAC-OOC3.pdf, id=381, 416.55624pt x 82.3075pt>
File: figures/BAC-OOC3.pdf Graphic file (type pdf)

<use figures/BAC-OOC3.pdf>
Package pdftex.def Info: figures/BAC-OOC3.pdf used on input line 187.
(pdftex.def)             Requested size: 432.4818pt x 85.45834pt.

Overfull \hbox (0.81pt too wide) in paragraph at lines 187--188
[][] 
 []

[12 <./figures/BAC-OOC3.pdf>]
<figures/BAC-DOC1_1.pdf, id=399, 502.87875pt x 383.4325pt>
File: figures/BAC-DOC1_1.pdf Graphic file (type pdf)

<use figures/BAC-DOC1_1.pdf>
Package pdftex.def Info: figures/BAC-DOC1_1.pdf used on input line 218.
(pdftex.def)             Requested size: 432.4818pt x 329.75722pt.

Overfull \hbox (0.81pt too wide) in paragraph at lines 218--219
[][] 
 []

<figures/BAC-DOC2.pdf, id=403, 362.35374pt x 303.1325pt>
File: figures/BAC-DOC2.pdf Graphic file (type pdf)

<use figures/BAC-DOC2.pdf>
Package pdftex.def Info: figures/BAC-DOC2.pdf used on input line 226.
(pdftex.def)             Requested size: 432.4818pt x 361.80525pt.

Overfull \hbox (0.81pt too wide) in paragraph at lines 226--227
[][] 
 []

<figures/BAC-DOC3.pdf, id=405, 416.55624pt x 82.3075pt>
File: figures/BAC-DOC3.pdf Graphic file (type pdf)

<use figures/BAC-DOC3.pdf>
Package pdftex.def Info: figures/BAC-DOC3.pdf used on input line 234.
(pdftex.def)             Requested size: 432.4818pt x 85.45834pt.

Overfull \hbox (0.81pt too wide) in paragraph at lines 234--235
[][] 
 []

[13 <./figures/BAC-DOC1_1.pdf>] [14 <./figures/BAC-DOC2.pdf>] [15 <./figures/BA
C-DOC3.pdf>] <figures/BAC-ECS1.pdf, id=451, 412.54124pt x 222.8325pt>
File: figures/BAC-ECS1.pdf Graphic file (type pdf)

<use figures/BAC-ECS1.pdf>
Package pdftex.def Info: figures/BAC-ECS1.pdf used on input line 283.
(pdftex.def)             Requested size: 432.4818pt x 233.60701pt.

Overfull \hbox (0.81pt too wide) in paragraph at lines 283--284
[][] 
 []

<figures/BAC-ECS2.pdf, id=455, 382.42876pt x 222.8325pt>
File: figures/BAC-ECS2.pdf Graphic file (type pdf)

<use figures/BAC-ECS2.pdf>
Package pdftex.def Info: figures/BAC-ECS2.pdf used on input line 293.
(pdftex.def)             Requested size: 432.4818pt x 252.0086pt.

Overfull \hbox (0.81pt too wide) in paragraph at lines 293--294
[][] 
 []

<figures/BAC-ECS3.pdf, id=456, 322.20375pt x 102.3825pt>
File: figures/BAC-ECS3.pdf Graphic file (type pdf)

<use figures/BAC-ECS3.pdf>
Package pdftex.def Info: figures/BAC-ECS3.pdf used on input line 298.
(pdftex.def)             Requested size: 432.4818pt x 137.42929pt.

Overfull \hbox (0.81pt too wide) in paragraph at lines 298--299
[][] 
 []

[16] [17 <./figures/BAC-ECS1.pdf> <./figures/BAC-ECS2.pdf>] [18 <./figures/BAC-
ECS3.pdf>] <figures/BAC-PAR0.pdf, id=509, 282.05376pt x 202.7575pt>
File: figures/BAC-PAR0.pdf Graphic file (type pdf)

<use figures/BAC-PAR0.pdf>
Package pdftex.def Info: figures/BAC-PAR0.pdf used on input line 323.
(pdftex.def)             Requested size: 432.4818pt x 310.91716pt.

Overfull \hbox (0.81pt too wide) in paragraph at lines 323--324
[][] 
 []

[19 <./figures/BAC-PAR0.pdf>]
<figures/BAC-PAR1.pdf, id=531, 543.02875pt x 238.8925pt>
File: figures/BAC-PAR1.pdf Graphic file (type pdf)

<use figures/BAC-PAR1.pdf>
Package pdftex.def Info: figures/BAC-PAR1.pdf used on input line 331.
(pdftex.def)             Requested size: 432.4818pt x 190.26855pt.

Overfull \hbox (0.81pt too wide) in paragraph at lines 331--332
[][] 
 []

<figures/BAC-PAR2.pdf, id=533, 290.08376pt x 238.8925pt>
File: figures/BAC-PAR2.pdf Graphic file (type pdf)

<use figures/BAC-PAR2.pdf>
Package pdftex.def Info: figures/BAC-PAR2.pdf used on input line 337.
(pdftex.def)             Requested size: 432.4818pt x 356.18353pt.

Overfull \hbox (0.81pt too wide) in paragraph at lines 337--338
[][] 
 []

[20 <./figures/BAC-PAR1.pdf>] [21 <./figures/BAC-PAR2.pdf>]
Kapitola 3.
<figures/BAC-DES1.pdf, id=560, 452.69125pt x 202.7575pt>
File: figures/BAC-DES1.pdf Graphic file (type pdf)

<use figures/BAC-DES1.pdf>
Package pdftex.def Info: figures/BAC-DES1.pdf used on input line 355.
(pdftex.def)             Requested size: 432.4818pt x 193.70447pt.

Overfull \hbox (0.81pt too wide) in paragraph at lines 355--356
[][] 
 []

[22

 <./figures/BAC-DES1.pdf>]
<figures/BAC-DES2.pdf, id=578, 673.51625pt x 192.72pt>
File: figures/BAC-DES2.pdf Graphic file (type pdf)

<use figures/BAC-DES2.pdf>
Package pdftex.def Info: figures/BAC-DES2.pdf used on input line 363.
(pdftex.def)             Requested size: 432.4818pt x 123.75206pt.

Overfull \hbox (0.81pt too wide) in paragraph at lines 363--364
[][] 
 []

<figures/BAC-DES5.pdf, id=583, 543.02875pt x 403.5075pt>
File: figures/BAC-DES5.pdf Graphic file (type pdf)

<use figures/BAC-DES5.pdf>
Package pdftex.def Info: figures/BAC-DES5.pdf used on input line 377.
(pdftex.def)             Requested size: 432.4818pt x 321.378pt.

Overfull \hbox (0.81pt too wide) in paragraph at lines 377--378
[][] 
 []

[23 <./figures/BAC-DES2.pdf>]
<figures/BAC-DES8.pdf, id=599, 553.06625pt x 283.0575pt>
File: figures/BAC-DES8.pdf Graphic file (type pdf)

<use figures/BAC-DES8.pdf>
Package pdftex.def Info: figures/BAC-DES8.pdf used on input line 387.
(pdftex.def)             Requested size: 432.4818pt x 221.34111pt.

Overfull \hbox (0.81pt too wide) in paragraph at lines 387--388
[][] 
 []

[24 <./figures/BAC-DES5.pdf>]
<figures/BAC-DES6.pdf, id=612, 773.89125pt x 413.545pt>
File: figures/BAC-DES6.pdf Graphic file (type pdf)

<use figures/BAC-DES6.pdf>
Package pdftex.def Info: figures/BAC-DES6.pdf used on input line 401.
(pdftex.def)             Requested size: 432.4818pt x 231.10403pt.

Overfull \hbox (0.81pt too wide) in paragraph at lines 401--402
[][] 
 []

[25 <./figures/BAC-DES8.pdf>]
<figures/BAC-DES11.pdf, id=626, 315.1775pt x 122.4575pt>
File: figures/BAC-DES11.pdf Graphic file (type pdf)

<use figures/BAC-DES11.pdf>
Package pdftex.def Info: figures/BAC-DES11.pdf used on input line 417.
(pdftex.def)             Requested size: 432.4818pt x 168.04414pt.

Overfull \hbox (0.81pt too wide) in paragraph at lines 417--418
[][] 
 []

<figures/BAC-DES10.pdf, id=627, 362.35374pt x 283.0575pt>
File: figures/BAC-DES10.pdf Graphic file (type pdf)

<use figures/BAC-DES10.pdf>
Package pdftex.def Info: figures/BAC-DES10.pdf used on input line 428.
(pdftex.def)             Requested size: 259.49171pt x 202.7085pt.
 [26 <./figures/BAC-DES6.pdf>] [27 <./figures/BAC-DES11.pdf> <./figures/BAC-DES
10.pdf>]
<figures/BAC-DES3.pdf, id=653, 472.76625pt x 353.32pt>
File: figures/BAC-DES3.pdf Graphic file (type pdf)

<use figures/BAC-DES3.pdf>
Package pdftex.def Info: figures/BAC-DES3.pdf used on input line 446.
(pdftex.def)             Requested size: 302.73593pt x 226.25342pt.

<figures/BAC-DES4.pdf, id=655, 452.69125pt x 443.6575pt>
File: figures/BAC-DES4.pdf Graphic file (type pdf)

<use figures/BAC-DES4.pdf>
Package pdftex.def Info: figures/BAC-DES4.pdf used on input line 455.
(pdftex.def)             Requested size: 302.73593pt x 296.69386pt.
 [28 <./figures/BAC-DES3.pdf>] [29 <./figures/BAC-DES4.pdf>] <figures/BAC-DES7.
pdf, id=681, 824.07875pt x 393.47pt>
File: figures/BAC-DES7.pdf Graphic file (type pdf)

<use figures/BAC-DES7.pdf>
Package pdftex.def Info: figures/BAC-DES7.pdf used on input line 477.
(pdftex.def)             Requested size: 432.4818pt x 206.49678pt.

Overfull \hbox (0.81pt too wide) in paragraph at lines 477--478
[][] 
 []


Overfull \hbox (5.39351pt too wide) in paragraph at lines 482--483
\T1/lmr/m/it/10.95 in zmn\T1/lmr/m/n/10.95 , kter bude pro kad vlkno uni-
ktn. Dle umo-uje tak po-tvr-zen (\T1/lmr/bx/n/10.95 commitSC\T1/lmr/m/n/
10.95 ),
 []

[30 <./figures/BAC-DES7.pdf>]
<figures/BAC-DES9.pdf, id=696, 524.96124pt x 273.02pt>
File: figures/BAC-DES9.pdf Graphic file (type pdf)

<use figures/BAC-DES9.pdf>
Package pdftex.def Info: figures/BAC-DES9.pdf used on input line 503.
(pdftex.def)             Requested size: 389.23097pt x 202.43573pt.
 [31 <./figures/BAC-DES9.pdf>] [32]
Kapitola 4.
[33

] <figures/BAC-IMPL1.pdf, id=734, 302.12875pt x 62.2325pt>
File: figures/BAC-IMPL1.pdf Graphic file (type pdf)

<use figures/BAC-IMPL1.pdf>
Package pdftex.def Info: figures/BAC-IMPL1.pdf used on input line 545.
(pdftex.def)             Requested size: 432.4818pt x 89.08295pt.

Overfull \hbox (0.81pt too wide) in paragraph at lines 545--546
 [] 
 []

[34] <figures/BAC-IMPL2.pdf, id=747, 402.50375pt x 142.5325pt>
File: figures/BAC-IMPL2.pdf Graphic file (type pdf)

<use figures/BAC-IMPL2.pdf>
Package pdftex.def Info: figures/BAC-IMPL2.pdf used on input line 555.
(pdftex.def)             Requested size: 432.4818pt x 153.14766pt.

Overfull \hbox (0.81pt too wide) in paragraph at lines 555--556
 [] 
 []

[35 <./figures/BAC-IMPL1.pdf> <./figures/BAC-IMPL2.pdf>]
("C:\Program Files\MiKTeX 2.9\tex\latex\listings\lstlang1.sty"
File: lstlang1.sty 2015/06/04 1.6 listings language file
)
("C:\Program Files\MiKTeX 2.9\tex\latex\listings\lstlang1.sty"
File: lstlang1.sty 2015/06/04 1.6 listings language file
)
("C:\Program Files\MiKTeX 2.9\tex\latex\listings\lstmisc.sty"
File: lstmisc.sty 2015/06/04 1.6 (Carsten Heinz)
)
<figures/BAC-IMPL3.pdf, id=763, 352.31625pt x 232.87pt>
File: figures/BAC-IMPL3.pdf Graphic file (type pdf)

<use figures/BAC-IMPL3.pdf>
Package pdftex.def Info: figures/BAC-IMPL3.pdf used on input line 585.
(pdftex.def)             Requested size: 432.4818pt x 285.8563pt.

Overfull \hbox (0.81pt too wide) in paragraph at lines 585--586
 [] 
 []

[36]

Package blindtext Warning: czech not defined, using English instead.
(blindtext)                 on input line 595.


Package blindtext Warning: czech not defined, using English instead.
(blindtext)                 on input line 595.


Package blindtext Warning: czech not defined, using English instead.
(blindtext)                 on input line 595.

[37 <./figures/BAC-IMPL3.pdf>]

Package blindtext Warning: czech not defined, using English instead.
(blindtext)                 on input line 595.


Package blindtext Warning: czech not defined, using English instead.
(blindtext)                 on input line 599.


Package blindtext Warning: czech not defined, using English instead.
(blindtext)                 on input line 599.


Package blindtext Warning: czech not defined, using English instead.
(blindtext)                 on input line 599.

[38]
Kapitola 5.

Package blindtext Warning: czech not defined, using English instead.
(blindtext)                 on input line 611.


Package blindtext Warning: czech not defined, using English instead.
(blindtext)                 on input line 611.


Package blindtext Warning: czech not defined, using English instead.
(blindtext)                 on input line 615.


Package blindtext Warning: czech not defined, using English instead.
(blindtext)                 on input line 615.


Package blindtext Warning: czech not defined, using English instead.
(blindtext)                 on input line 615.


Package blindtext Warning: czech not defined, using English instead.
(blindtext)                 on input line 615.

[39

]

Package blindtext Warning: czech not defined, using English instead.
(blindtext)                 on input line 621.


Package blindtext Warning: czech not defined, using English instead.
(blindtext)                 on input line 621.


Package blindtext Warning: czech not defined, using English instead.
(blindtext)                 on input line 621.


Package blindtext Warning: czech not defined, using English instead.
(blindtext)                 on input line 621.

[40]
Kapitola 6.

Package blindtext Warning: czech not defined, using English instead.
(blindtext)                 on input line 627.


Package blindtext Warning: czech not defined, using English instead.
(blindtext)                 on input line 627.


Package blindtext Warning: czech not defined, using English instead.
(blindtext)                 on input line 631.


Package blindtext Warning: czech not defined, using English instead.
(blindtext)                 on input line 631.


Package blindtext Warning: czech not defined, using English instead.
(blindtext)                 on input line 636.


Package blindtext Warning: czech not defined, using English instead.
(blindtext)                 on input line 636.


Package blindtext Warning: czech not defined, using English instead.
(blindtext)                 on input line 636.

[41

]

Package blindtext Warning: czech not defined, using English instead.
(blindtext)                 on input line 640.


Package blindtext Warning: czech not defined, using English instead.
(blindtext)                 on input line 640.


Package blindtext Warning: czech not defined, using English instead.
(blindtext)                 on input line 642.


Package blindtext Warning: czech not defined, using English instead.
(blindtext)                 on input line 642.


Package blindtext Warning: czech not defined, using English instead.
(blindtext)                 on input line 644.


Package blindtext Warning: czech not defined, using English instead.
(blindtext)                 on input line 644.


Package blindtext Warning: czech not defined, using English instead.
(blindtext)                 on input line 648.


Package blindtext Warning: czech not defined, using English instead.
(blindtext)                 on input line 648.

[42]

Package blindtext Warning: czech not defined, using English instead.
(blindtext)                 on input line 648.


Package blindtext Warning: czech not defined, using English instead.
(blindtext)                 on input line 652.


Package blindtext Warning: czech not defined, using English instead.
(blindtext)                 on input line 652.


Package blindtext Warning: czech not defined, using English instead.
(blindtext)                 on input line 652.


Package blindtext Warning: czech not defined, using English instead.
(blindtext)                 on input line 656.


Package blindtext Warning: czech not defined, using English instead.
(blindtext)                 on input line 656.

[43]

Package blindtext Warning: czech not defined, using English instead.
(blindtext)                 on input line 656.

[44]
Kapitola 7.

Package blindtext Warning: czech not defined, using English instead.
(blindtext)                 on input line 661.


Package blindtext Warning: czech not defined, using English instead.
(blindtext)                 on input line 661.


Package blindtext Warning: czech not defined, using English instead.
(blindtext)                 on input line 663.


Package blindtext Warning: czech not defined, using English instead.
(blindtext)                 on input line 663.


Package blindtext Warning: czech not defined, using English instead.
(blindtext)                 on input line 665.


Package blindtext Warning: czech not defined, using English instead.
(blindtext)                 on input line 665.


Package blindtext Warning: czech not defined, using English instead.
(blindtext)                 on input line 667.


Package blindtext Warning: czech not defined, using English instead.
(blindtext)                 on input line 667.

[45

]

Package blindtext Warning: czech not defined, using English instead.
(blindtext)                 on input line 669.


Package blindtext Warning: czech not defined, using English instead.
(blindtext)                 on input line 669.

) (xpolas34-ECS.bbl [46]
LaTeX Font Info:    Try loading font information for T1+lmtt on input line 14.
 ("C:\Program Files\MiKTeX 2.9\tex\latex\lm\t1lmtt.fd"
File: t1lmtt.fd 2009/10/30 v1.6 Font defs for Latin Modern
) [47

]
LaTeX Font Info:    Font shape `OMS/lmr/m/it' in size <10.95> not available
(Font)              Font shape `OMS/lmsy/m/n' tried instead on input line 84.
 [48]) [49] [50

]
\c@ttl@toc@chapters=\count321
 (xpolas34-ECS-30-prilohy-appendices.tex
P\IeC {\v r}\IeC {\'\i }loha A.
[51

]
P\IeC {\v r}\IeC {\'\i }loha B.
)
\tf@ptc=\write5
\openout5 = `xpolas34-ECS.ptc'.

Package atveryend Info: Empty hook `BeforeClearDocument' on input line 276.
 [52

]
Package atveryend Info: Empty hook `AfterLastShipout' on input line 276.
 (xpolas34-ECS.aux)
Package atveryend Info: Executing hook `AtVeryEndDocument' on input line 276.
Package atveryend Info: Executing hook `AtEndAfterFileList' on input line 276.


Package rerunfilecheck Warning: File `xpolas34-ECS.out' has changed.
(rerunfilecheck)                Rerun to get outlines right
(rerunfilecheck)                or use package `bookmark'.

Package rerunfilecheck Info: Checksums for `xpolas34-ECS.out':
(rerunfilecheck)             Before: D26744188F1C7443B620A0177C972987;5161
(rerunfilecheck)             After:  6BE83C17E8569BD17DF08C1C44A155A1;5280.

LaTeX Warning: There were undefined references.

 ) 
Here is how much of TeX's memory you used:
 23338 strings out of 493333
 378966 string characters out of 3139188
 469422 words of memory out of 3000000
 26237 multiletter control sequences out of 15000+200000
 124225 words of font info for 96 fonts, out of 3000000 for 9000
 1141 hyphenation exceptions out of 8191
 41i,8n,60p,10410b,1166s stack positions out of 5000i,500n,10000p,200000b,50000s
{C:/Program Files/MiKTeX 2.9/fonts/enc/dvips/lm/lm-ec.enc}{C:/Program Files/M
iKTeX 2.9/fonts/enc/dvips/lm/lm-mathsy.enc}{C:/Program Files/MiKTeX 2.9/fonts/e
nc/dvips/opensans/opensans-03.enc}{C:/Program Files/MiKTeX 2.9/fonts/enc/dvips/
opensans/opensans-02.enc}{C:/Program Files/MiKTeX 2.9/fonts/enc/dvips/opensans/
opensans-04.enc}{C:/Program Files/MiKTeX 2.9/fonts/enc/dvips/opensans/opensans-
01.enc}<C:/Program Files/MiKTeX 2.9/fonts/type1/public/opensans/OpenSans-Bold.p
fb><C:/Program Files/MiKTeX 2.9/fonts/type1/public/amsfonts/cm/cmmi10.pfb><C:/P
rogram Files/MiKTeX 2.9/fonts/type1/public/amsfonts/cm/cmr10.pfb><C:/Program Fi
les/MiKTeX 2.9/fonts/type1/public/amsfonts/cm/cmsy10.pfb><C:/Program Files/MiKT
eX 2.9/fonts/type1/public/lm/lmbx10.pfb><C:/Program Files/MiKTeX 2.9/fonts/type
1/public/lm/lmbx12.pfb><C:/Program Files/MiKTeX 2.9/fonts/type1/public/lm/lmbx9
.pfb><C:/Program Files/MiKTeX 2.9/fonts/type1/public/lm/lmr10.pfb><C:/Program F
iles/MiKTeX 2.9/fonts/type1/public/lm/lmr6.pfb><C:/Program Files/MiKTeX 2.9/fon
ts/type1/public/lm/lmr8.pfb><C:/Program Files/MiKTeX 2.9/fonts/type1/public/lm/
lmr9.pfb><C:/Program Files/MiKTeX 2.9/fonts/type1/public/lm/lmri10.pfb><C:/Prog
ram Files/MiKTeX 2.9/fonts/type1/public/lm/lmri9.pfb><C:/Program Files/MiKTeX 2
.9/fonts/type1/public/lm/lmsy10.pfb><C:/Program Files/MiKTeX 2.9/fonts/type1/pu
blic/lm/lmtt10.pfb>
Output written on xpolas34-ECS.pdf (55 pages, 2424309 bytes).
PDF statistics:
 1004 PDF objects out of 1200 (max. 8388607)
 212 named destinations out of 1000 (max. 500000)
 475 words of extra memory for PDF output out of 10000 (max. 10000000)

